<?xml version="1.0" encoding="UTF-8"?>
<testng-results ignored="0" total="1" passed="1" failed="0" skipped="0">
  <reporter-output>
  </reporter-output>
  <suite started-at="2023-06-02T16:36:38 IST" name="Default suite" finished-at="2023-06-02T16:36:42 IST" duration-ms="3685">
    <groups>
    </groups>
    <test started-at="2023-06-02T16:36:38 IST" name="Default test" finished-at="2023-06-02T16:36:42 IST" duration-ms="3685">
      <class name="practice.get_method">
        <test-method signature="getFblogin()[pri:0, instance:practice.get_method@479ceda0]" started-at="2023-06-02T16:36:38 IST" name="getFblogin" finished-at="2023-06-02T16:36:42 IST" duration-ms="3582" status="PASS">
          <reporter-output>
          </reporter-output>
        </test-method> <!-- getFblogin -->
      </class> <!-- practice.get_method -->
    </test> <!-- Default test -->
  </suite> <!-- Default suite -->
</testng-results>
